<?xml version="1.0" encoding="UTF-8"?>
<testng-results skipped="0" failed="0" total="1" passed="1">
  <reporter-output>
  </reporter-output>
  <suite name="Default suite" duration-ms="11743" started-at="2022-11-03T15:08:35Z" finished-at="2022-11-03T15:08:47Z">
    <groups>
    </groups>
    <test name="Default test" duration-ms="11743" started-at="2022-11-03T15:08:35Z" finished-at="2022-11-03T15:08:47Z">
      <class name="primusbank.testCase">
        <test-method status="PASS" signature="test1()[pri:0, instance:primusbank.testCase@6d8a00e3]" name="test1" duration-ms="11728" started-at="2022-11-03T20:38:35Z" finished-at="2022-11-03T20:38:47Z">
          <reporter-output>
          </reporter-output>
        </test-method> <!-- test1 -->
      </class> <!-- primusbank.testCase -->
    </test> <!-- Default test -->
  </suite> <!-- Default suite -->
</testng-results>
