<?xml version="1.0" encoding="UTF-8"?>
<testng-results skipped="0" failed="0" total="2" passed="2">
  <reporter-output>
  </reporter-output>
  <suite name="Default suite" duration-ms="43" started-at="2022-11-04T00:52:24Z" finished-at="2022-11-04T00:52:24Z">
    <groups>
    </groups>
    <test name="Default test" duration-ms="43" started-at="2022-11-04T00:52:24Z" finished-at="2022-11-04T00:52:24Z">
      <class name="demosNG.NG_Annaotations_Demo">
        <test-method status="PASS" signature="login2()[pri:0, instance:demosNG.NG_Annaotations_Demo@5dfcfece]" name="login2" is-config="true" duration-ms="7" started-at="2022-11-04T06:22:24Z" finished-at="2022-11-04T06:22:24Z">
          <reporter-output>
          </reporter-output>
        </test-method> <!-- login2 -->
        <test-method status="PASS" signature="Test1()[pri:0, instance:demosNG.NG_Annaotations_Demo@5dfcfece]" name="Test1" duration-ms="7" started-at="2022-11-04T06:22:24Z" finished-at="2022-11-04T06:22:24Z">
          <reporter-output>
          </reporter-output>
        </test-method> <!-- Test1 -->
        <test-method status="PASS" signature="Logout2()[pri:0, instance:demosNG.NG_Annaotations_Demo@5dfcfece]" name="Logout2" is-config="true" duration-ms="0" started-at="2022-11-04T06:22:24Z" finished-at="2022-11-04T06:22:24Z">
          <reporter-output>
          </reporter-output>
        </test-method> <!-- Logout2 -->
        <test-method status="PASS" signature="login2()[pri:0, instance:demosNG.NG_Annaotations_Demo@5dfcfece]" name="login2" is-config="true" duration-ms="0" started-at="2022-11-04T06:22:24Z" finished-at="2022-11-04T06:22:24Z">
          <reporter-output>
          </reporter-output>
        </test-method> <!-- login2 -->
        <test-method status="PASS" signature="Test2()[pri:1, instance:demosNG.NG_Annaotations_Demo@5dfcfece]" name="Test2" duration-ms="3" started-at="2022-11-04T06:22:24Z" finished-at="2022-11-04T06:22:24Z">
          <reporter-output>
          </reporter-output>
        </test-method> <!-- Test2 -->
        <test-method status="PASS" signature="Logout2()[pri:0, instance:demosNG.NG_Annaotations_Demo@5dfcfece]" name="Logout2" is-config="true" duration-ms="0" started-at="2022-11-04T06:22:24Z" finished-at="2022-11-04T06:22:24Z">
          <reporter-output>
          </reporter-output>
        </test-method> <!-- Logout2 -->
      </class> <!-- demosNG.NG_Annaotations_Demo -->
    </test> <!-- Default test -->
  </suite> <!-- Default suite -->
</testng-results>
