<?xml version="1.0" encoding="UTF-8"?>
<testng-results skipped="0" failed="0" total="1" passed="1">
  <reporter-output>
  </reporter-output>
  <suite name="Default suite" duration-ms="15653" started-at="2022-11-05T03:30:33Z" finished-at="2022-11-05T03:30:49Z">
    <groups>
    </groups>
    <test name="Default test" duration-ms="15653" started-at="2022-11-05T03:30:33Z" finished-at="2022-11-05T03:30:49Z">
      <class name="Gmail_test.Gmail_TestCases">
        <test-method status="PASS" signature="lanchmail()[pri:0, instance:Gmail_test.Gmail_TestCases@20e2cbe0]" name="lanchmail" duration-ms="15623" started-at="2022-11-05T09:00:33Z" finished-at="2022-11-05T09:00:49Z">
          <reporter-output>
          </reporter-output>
        </test-method> <!-- lanchmail -->
      </class> <!-- Gmail_test.Gmail_TestCases -->
    </test> <!-- Default test -->
  </suite> <!-- Default suite -->
</testng-results>
